

+++++++ MBAC BASED ON SIMPLE KERNEL DENSITY ESTIMATION +++++++

Configuration:
	 simTime: 4100
	 numSources: 0
	 appType: Voip
	 srcModel: POO

NETWORK TOPOLOGY SETUP
DIFFSERV QUEUE CONFIGURATION
GENERATE RANDOM VARIABLES
GENERATE SOURCES
Simulation runs for 4100 s
Ready for take off!
<<<<<<<<<<>>>>>>>>>>>>>>>


CONFIGURE QUEUE MONITORING
>>>>>>>>>>>>>>>>>>>>>>>>>>>>>>>>>>>>>>
ADC SETUP FOR DSCP:0
Selected MBAC algorithm: adcType = SKDE
	Policy Module:
		polType = ACCEPT
		Network & Source settings:
			capacity = 4000000.0 bps
			bufferSize = 60000.0 bit
			peakRate = 64000.0 bps
			pLoss = 0.010000
		Flow managment:
			checkPeriod = 10.00
			flowTimerout = 50.00
		Tracing: Enabled
	Estimator:
		estType = SKDEEST
		Use plug-in bandwidth = false
		Plug-in steps = 4
		Monitored thresholds (ep.x[]) =17340 27180 37020 46860 56700 
		Tracing = Enabled
	Meter: 	       
		Window length (mp.wlen) = 20.000000 	       
		Scaling factor (mp.tsm) = 5 	       
		Sample period (mp.tau) = 0.020000 	       
		Tracing: Disabled
>>>>>>>>>>>>>>>>>>>>>>>>>>>>>>>>>>>>>>



+++++++ MBAC BASED ON SIMPLE KERNEL DENSITY ESTIMATION +++++++

Configuration:
	 simTime: 4100
	 numSources: 0
	 appType: Voip
	 srcModel: EXPOO

NETWORK TOPOLOGY SETUP
DIFFSERV QUEUE CONFIGURATION
GENERATE RANDOM VARIABLES
GENERATE SOURCES
Simulation runs for 4100 s
Ready for take off!
<<<<<<<<<<>>>>>>>>>>>>>>>


CONFIGURE QUEUE MONITORING
>>>>>>>>>>>>>>>>>>>>>>>>>>>>>>>>>>>>>>
ADC SETUP FOR DSCP:0
Selected MBAC algorithm: adcType = SKDE
	Policy Module:
		polType = ACCEPT
		Network & Source settings:
			capacity = 4000000.0 bps
			bufferSize = 60000.0 bit
			peakRate = 64000.0 bps
			pLoss = 0.010000
		Flow managment:
			checkPeriod = 10.00
			flowTimerout = 50.00
		Tracing: Enabled
	Estimator:
		estType = SKDEEST
		Use plug-in bandwidth = false
		Plug-in steps = 4
		Monitored thresholds (ep.x[]) =17340 27180 37020 46860 56700 
		Tracing = Enabled
	Meter: 	       
		Window length (mp.wlen) = 20.000000 	       
		Scaling factor (mp.tsm) = 5 	       
		Sample period (mp.tau) = 0.020000 	       
		Tracing: Disabled
>>>>>>>>>>>>>>>>>>>>>>>>>>>>>>>>>>>>>>



+++++++ MBAC BASED ON SIMPLE KERNEL DENSITY ESTIMATION +++++++

Configuration:
	 simTime: 4100
	 numSources: 0
	 appType: Voip
	 srcModel: POO

NETWORK TOPOLOGY SETUP
DIFFSERV QUEUE CONFIGURATION
GENERATE RANDOM VARIABLES
GENERATE SOURCES
Simulation runs for 4100 s
Ready for take off!
<<<<<<<<<<>>>>>>>>>>>>>>>


CONFIGURE QUEUE MONITORING
>>>>>>>>>>>>>>>>>>>>>>>>>>>>>>>>>>>>>>
ADC SETUP FOR DSCP:0
Selected MBAC algorithm: adcType = SKDE
	Policy Module:
		polType = ACCEPT
		Network & Source settings:
			capacity = 4000000.0 bps
			bufferSize = 60000.0 bit
			peakRate = 64000.0 bps
			pLoss = 0.010000
		Flow managment:
			checkPeriod = 10.00
			flowTimerout = 50.00
		Tracing: Enabled
	Estimator:
		estType = SKDEEST
		Use plug-in bandwidth = true
		Plug-in steps = 4
		Monitored thresholds (ep.x[]) =17340 27180 37020 46860 56700 
		Tracing = Enabled
	Meter: 	       
		Window length (mp.wlen) = 20.000000 	       
		Scaling factor (mp.tsm) = 5 	       
		Sample period (mp.tau) = 0.020000 	       
		Tracing: Disabled
>>>>>>>>>>>>>>>>>>>>>>>>>>>>>>>>>>>>>>



+++++++ MBAC BASED ON SIMPLE KERNEL DENSITY ESTIMATION +++++++

Configuration:
	 simTime: 4100
	 numSources: 0
	 appType: Voip
	 srcModel: EXPOO

NETWORK TOPOLOGY SETUP
DIFFSERV QUEUE CONFIGURATION
GENERATE RANDOM VARIABLES
GENERATE SOURCES
Simulation runs for 4100 s
Ready for take off!
<<<<<<<<<<>>>>>>>>>>>>>>>


CONFIGURE QUEUE MONITORING
>>>>>>>>>>>>>>>>>>>>>>>>>>>>>>>>>>>>>>
ADC SETUP FOR DSCP:0
Selected MBAC algorithm: adcType = SKDE
	Policy Module:
		polType = ACCEPT
		Network & Source settings:
			capacity = 4000000.0 bps
			bufferSize = 60000.0 bit
			peakRate = 64000.0 bps
			pLoss = 0.010000
		Flow managment:
			checkPeriod = 10.00
			flowTimerout = 50.00
		Tracing: Enabled
	Estimator:
		estType = SKDEEST
		Use plug-in bandwidth = true
		Plug-in steps = 4
		Monitored thresholds (ep.x[]) =17340 27180 37020 46860 56700 
		Tracing = Enabled
	Meter: 	       
		Window length (mp.wlen) = 20.000000 	       
		Scaling factor (mp.tsm) = 5 	       
		Sample period (mp.tau) = 0.020000 	       
		Tracing: Disabled
>>>>>>>>>>>>>>>>>>>>>>>>>>>>>>>>>>>>>>



+++++++ MBAC BASED ON SIMPLE KERNEL DENSITY ESTIMATION +++++++

Configuration:
	 simTime: 4100
	 numSources: 0
	 appType: Voip
	 srcModel: POO

NETWORK TOPOLOGY SETUP
DIFFSERV QUEUE CONFIGURATION
GENERATE RANDOM VARIABLES
GENERATE SOURCES
Simulation runs for 4100 s
Ready for take off!
<<<<<<<<<<>>>>>>>>>>>>>>>


CONFIGURE QUEUE MONITORING
>>>>>>>>>>>>>>>>>>>>>>>>>>>>>>>>>>>>>>
ADC SETUP FOR DSCP:0
Selected MBAC algorithm: adcType = SKDE
	Policy Module:
		polType = ACCEPT
		Network & Source settings:
			capacity = 4000000.0 bps
			bufferSize = 60000.0 bit
			peakRate = 64000.0 bps
			pLoss = 0.001000
		Flow managment:
			checkPeriod = 10.00
			flowTimerout = 50.00
		Tracing: Enabled
	Estimator:
		estType = SKDEEST
		Use plug-in bandwidth = false
		Plug-in steps = 4
		Monitored thresholds (ep.x[]) =17340 27180 37020 46860 56700 
		Tracing = Enabled
	Meter: 	       
		Window length (mp.wlen) = 20.000000 	       
		Scaling factor (mp.tsm) = 5 	       
		Sample period (mp.tau) = 0.020000 	       
		Tracing: Disabled
>>>>>>>>>>>>>>>>>>>>>>>>>>>>>>>>>>>>>>



+++++++ MBAC BASED ON SIMPLE KERNEL DENSITY ESTIMATION +++++++

Configuration:
	 simTime: 4100
	 numSources: 0
	 appType: Voip
	 srcModel: EXPOO

NETWORK TOPOLOGY SETUP
DIFFSERV QUEUE CONFIGURATION
GENERATE RANDOM VARIABLES
GENERATE SOURCES
Simulation runs for 4100 s
Ready for take off!
<<<<<<<<<<>>>>>>>>>>>>>>>


CONFIGURE QUEUE MONITORING
>>>>>>>>>>>>>>>>>>>>>>>>>>>>>>>>>>>>>>
ADC SETUP FOR DSCP:0
Selected MBAC algorithm: adcType = SKDE
	Policy Module:
		polType = ACCEPT
		Network & Source settings:
			capacity = 4000000.0 bps
			bufferSize = 60000.0 bit
			peakRate = 64000.0 bps
			pLoss = 0.001000
		Flow managment:
			checkPeriod = 10.00
			flowTimerout = 50.00
		Tracing: Enabled
	Estimator:
		estType = SKDEEST
		Use plug-in bandwidth = false
		Plug-in steps = 4
		Monitored thresholds (ep.x[]) =17340 27180 37020 46860 56700 
		Tracing = Enabled
	Meter: 	       
		Window length (mp.wlen) = 20.000000 	       
		Scaling factor (mp.tsm) = 5 	       
		Sample period (mp.tau) = 0.020000 	       
		Tracing: Disabled
>>>>>>>>>>>>>>>>>>>>>>>>>>>>>>>>>>>>>>



+++++++ MBAC BASED ON SIMPLE KERNEL DENSITY ESTIMATION +++++++

Configuration:
	 simTime: 4100
	 numSources: 0
	 appType: Voip
	 srcModel: POO

NETWORK TOPOLOGY SETUP
DIFFSERV QUEUE CONFIGURATION
GENERATE RANDOM VARIABLES
GENERATE SOURCES
Simulation runs for 4100 s
Ready for take off!
<<<<<<<<<<>>>>>>>>>>>>>>>


CONFIGURE QUEUE MONITORING
>>>>>>>>>>>>>>>>>>>>>>>>>>>>>>>>>>>>>>
ADC SETUP FOR DSCP:0
Selected MBAC algorithm: adcType = SKDE
	Policy Module:
		polType = ACCEPT
		Network & Source settings:
			capacity = 4000000.0 bps
			bufferSize = 60000.0 bit
			peakRate = 64000.0 bps
			pLoss = 0.001000
		Flow managment:
			checkPeriod = 10.00
			flowTimerout = 50.00
		Tracing: Enabled
	Estimator:
		estType = SKDEEST
		Use plug-in bandwidth = true
		Plug-in steps = 4
		Monitored thresholds (ep.x[]) =17340 27180 37020 46860 56700 
		Tracing = Enabled
	Meter: 	       
		Window length (mp.wlen) = 20.000000 	       
		Scaling factor (mp.tsm) = 5 	       
		Sample period (mp.tau) = 0.020000 	       
		Tracing: Disabled
>>>>>>>>>>>>>>>>>>>>>>>>>>>>>>>>>>>>>>



+++++++ MBAC BASED ON SIMPLE KERNEL DENSITY ESTIMATION +++++++

Configuration:
	 simTime: 4100
	 numSources: 0
	 appType: Voip
	 srcModel: EXPOO

NETWORK TOPOLOGY SETUP
DIFFSERV QUEUE CONFIGURATION
GENERATE RANDOM VARIABLES
GENERATE SOURCES
Simulation runs for 4100 s
Ready for take off!
<<<<<<<<<<>>>>>>>>>>>>>>>


CONFIGURE QUEUE MONITORING
>>>>>>>>>>>>>>>>>>>>>>>>>>>>>>>>>>>>>>
ADC SETUP FOR DSCP:0
Selected MBAC algorithm: adcType = SKDE
	Policy Module:
		polType = ACCEPT
		Network & Source settings:
			capacity = 4000000.0 bps
			bufferSize = 60000.0 bit
			peakRate = 64000.0 bps
			pLoss = 0.001000
		Flow managment:
			checkPeriod = 10.00
			flowTimerout = 50.00
		Tracing: Enabled
	Estimator:
		estType = SKDEEST
		Use plug-in bandwidth = true
		Plug-in steps = 4
		Monitored thresholds (ep.x[]) =17340 27180 37020 46860 56700 
		Tracing = Enabled
	Meter: 	       
		Window length (mp.wlen) = 20.000000 	       
		Scaling factor (mp.tsm) = 5 	       
		Sample period (mp.tau) = 0.020000 	       
		Tracing: Disabled
>>>>>>>>>>>>>>>>>>>>>>>>>>>>>>>>>>>>>>



+++++++ MBAC BASED ON SIMPLE KERNEL DENSITY ESTIMATION +++++++

Configuration:
	 simTime: 4100
	 numSources: 0
	 appType: Voip
	 srcModel: POO

NETWORK TOPOLOGY SETUP
DIFFSERV QUEUE CONFIGURATION
GENERATE RANDOM VARIABLES
GENERATE SOURCES
Simulation runs for 4100 s
Ready for take off!
<<<<<<<<<<>>>>>>>>>>>>>>>


CONFIGURE QUEUE MONITORING
>>>>>>>>>>>>>>>>>>>>>>>>>>>>>>>>>>>>>>
ADC SETUP FOR DSCP:0
Selected MBAC algorithm: adcType = SKDE
	Policy Module:
		polType = ACCEPT
		Network & Source settings:
			capacity = 4000000.0 bps
			bufferSize = 60000.0 bit
			peakRate = 64000.0 bps
			pLoss = 0.000100
		Flow managment:
			checkPeriod = 10.00
			flowTimerout = 50.00
		Tracing: Enabled
	Estimator:
		estType = SKDEEST
		Use plug-in bandwidth = false
		Plug-in steps = 4
		Monitored thresholds (ep.x[]) =17340 27180 37020 46860 56700 
		Tracing = Enabled
	Meter: 	       
		Window length (mp.wlen) = 20.000000 	       
		Scaling factor (mp.tsm) = 5 	       
		Sample period (mp.tau) = 0.020000 	       
		Tracing: Disabled
>>>>>>>>>>>>>>>>>>>>>>>>>>>>>>>>>>>>>>



+++++++ MBAC BASED ON SIMPLE KERNEL DENSITY ESTIMATION +++++++

Configuration:
	 simTime: 4100
	 numSources: 0
	 appType: Voip
	 srcModel: EXPOO

NETWORK TOPOLOGY SETUP
DIFFSERV QUEUE CONFIGURATION
GENERATE RANDOM VARIABLES
GENERATE SOURCES
Simulation runs for 4100 s
Ready for take off!
<<<<<<<<<<>>>>>>>>>>>>>>>


CONFIGURE QUEUE MONITORING
>>>>>>>>>>>>>>>>>>>>>>>>>>>>>>>>>>>>>>
ADC SETUP FOR DSCP:0
Selected MBAC algorithm: adcType = SKDE
	Policy Module:
		polType = ACCEPT
		Network & Source settings:
			capacity = 4000000.0 bps
			bufferSize = 60000.0 bit
			peakRate = 64000.0 bps
			pLoss = 0.000100
		Flow managment:
			checkPeriod = 10.00
			flowTimerout = 50.00
		Tracing: Enabled
	Estimator:
		estType = SKDEEST
		Use plug-in bandwidth = false
		Plug-in steps = 4
		Monitored thresholds (ep.x[]) =17340 27180 37020 46860 56700 
		Tracing = Enabled
	Meter: 	       
		Window length (mp.wlen) = 20.000000 	       
		Scaling factor (mp.tsm) = 5 	       
		Sample period (mp.tau) = 0.020000 	       
		Tracing: Disabled
>>>>>>>>>>>>>>>>>>>>>>>>>>>>>>>>>>>>>>



+++++++ MBAC BASED ON SIMPLE KERNEL DENSITY ESTIMATION +++++++

Configuration:
	 simTime: 4100
	 numSources: 0
	 appType: Voip
	 srcModel: POO

NETWORK TOPOLOGY SETUP
DIFFSERV QUEUE CONFIGURATION
GENERATE RANDOM VARIABLES
GENERATE SOURCES
Simulation runs for 4100 s
Ready for take off!
<<<<<<<<<<>>>>>>>>>>>>>>>


CONFIGURE QUEUE MONITORING
>>>>>>>>>>>>>>>>>>>>>>>>>>>>>>>>>>>>>>
ADC SETUP FOR DSCP:0
Selected MBAC algorithm: adcType = SKDE
	Policy Module:
		polType = ACCEPT
		Network & Source settings:
			capacity = 4000000.0 bps
			bufferSize = 60000.0 bit
			peakRate = 64000.0 bps
			pLoss = 0.000100
		Flow managment:
			checkPeriod = 10.00
			flowTimerout = 50.00
		Tracing: Enabled
	Estimator:
		estType = SKDEEST
		Use plug-in bandwidth = true
		Plug-in steps = 4
		Monitored thresholds (ep.x[]) =17340 27180 37020 46860 56700 
		Tracing = Enabled
	Meter: 	       
		Window length (mp.wlen) = 20.000000 	       
		Scaling factor (mp.tsm) = 5 	       
		Sample period (mp.tau) = 0.020000 	       
		Tracing: Disabled
>>>>>>>>>>>>>>>>>>>>>>>>>>>>>>>>>>>>>>



+++++++ MBAC BASED ON SIMPLE KERNEL DENSITY ESTIMATION +++++++

Configuration:
	 simTime: 4100
	 numSources: 0
	 appType: Voip
	 srcModel: EXPOO

NETWORK TOPOLOGY SETUP
DIFFSERV QUEUE CONFIGURATION
GENERATE RANDOM VARIABLES
GENERATE SOURCES
Simulation runs for 4100 s
Ready for take off!
<<<<<<<<<<>>>>>>>>>>>>>>>


CONFIGURE QUEUE MONITORING
>>>>>>>>>>>>>>>>>>>>>>>>>>>>>>>>>>>>>>
ADC SETUP FOR DSCP:0
Selected MBAC algorithm: adcType = SKDE
	Policy Module:
		polType = ACCEPT
		Network & Source settings:
			capacity = 4000000.0 bps
			bufferSize = 60000.0 bit
			peakRate = 64000.0 bps
			pLoss = 0.000100
		Flow managment:
			checkPeriod = 10.00
			flowTimerout = 50.00
		Tracing: Enabled
	Estimator:
		estType = SKDEEST
		Use plug-in bandwidth = true
		Plug-in steps = 4
		Monitored thresholds (ep.x[]) =17340 27180 37020 46860 56700 
		Tracing = Enabled
	Meter: 	       
		Window length (mp.wlen) = 20.000000 	       
		Scaling factor (mp.tsm) = 5 	       
		Sample period (mp.tau) = 0.020000 	       
		Tracing: Disabled
>>>>>>>>>>>>>>>>>>>>>>>>>>>>>>>>>>>>>>



+++++++ MBAC BASED ON SIMPLE KERNEL DENSITY ESTIMATION +++++++

Configuration:
	 simTime: 4100
	 numSources: 0
	 appType: Voip
	 srcModel: POO

NETWORK TOPOLOGY SETUP
DIFFSERV QUEUE CONFIGURATION
GENERATE RANDOM VARIABLES
GENERATE SOURCES
Simulation runs for 4100 s
Ready for take off!
<<<<<<<<<<>>>>>>>>>>>>>>>


CONFIGURE QUEUE MONITORING
>>>>>>>>>>>>>>>>>>>>>>>>>>>>>>>>>>>>>>
ADC SETUP FOR DSCP:0
Selected MBAC algorithm: adcType = SKDE
	Policy Module:
		polType = ACCEPT
		Network & Source settings:
			capacity = 4000000.0 bps
			bufferSize = 60000.0 bit
			peakRate = 64000.0 bps
			pLoss = 0.000010
		Flow managment:
			checkPeriod = 10.00
			flowTimerout = 50.00
		Tracing: Enabled
	Estimator:
		estType = SKDEEST
		Use plug-in bandwidth = false
		Plug-in steps = 4
		Monitored thresholds (ep.x[]) =17340 27180 37020 46860 56700 
		Tracing = Enabled
	Meter: 	       
		Window length (mp.wlen) = 20.000000 	       
		Scaling factor (mp.tsm) = 5 	       
		Sample period (mp.tau) = 0.020000 	       
		Tracing: Disabled
>>>>>>>>>>>>>>>>>>>>>>>>>>>>>>>>>>>>>>



+++++++ MBAC BASED ON SIMPLE KERNEL DENSITY ESTIMATION +++++++

Configuration:
	 simTime: 4100
	 numSources: 0
	 appType: Voip
	 srcModel: EXPOO

NETWORK TOPOLOGY SETUP
DIFFSERV QUEUE CONFIGURATION
GENERATE RANDOM VARIABLES
GENERATE SOURCES
Simulation runs for 4100 s
Ready for take off!
<<<<<<<<<<>>>>>>>>>>>>>>>


CONFIGURE QUEUE MONITORING
>>>>>>>>>>>>>>>>>>>>>>>>>>>>>>>>>>>>>>
ADC SETUP FOR DSCP:0
Selected MBAC algorithm: adcType = SKDE
	Policy Module:
		polType = ACCEPT
		Network & Source settings:
			capacity = 4000000.0 bps
			bufferSize = 60000.0 bit
			peakRate = 64000.0 bps
			pLoss = 0.000010
		Flow managment:
			checkPeriod = 10.00
			flowTimerout = 50.00
		Tracing: Enabled
	Estimator:
		estType = SKDEEST
		Use plug-in bandwidth = false
		Plug-in steps = 4
		Monitored thresholds (ep.x[]) =17340 27180 37020 46860 56700 
		Tracing = Enabled
	Meter: 	       
		Window length (mp.wlen) = 20.000000 	       
		Scaling factor (mp.tsm) = 5 	       
		Sample period (mp.tau) = 0.020000 	       
		Tracing: Disabled
>>>>>>>>>>>>>>>>>>>>>>>>>>>>>>>>>>>>>>



+++++++ MBAC BASED ON SIMPLE KERNEL DENSITY ESTIMATION +++++++

Configuration:
	 simTime: 4100
	 numSources: 0
	 appType: Voip
	 srcModel: POO

NETWORK TOPOLOGY SETUP
DIFFSERV QUEUE CONFIGURATION
GENERATE RANDOM VARIABLES
GENERATE SOURCES
Simulation runs for 4100 s
Ready for take off!
<<<<<<<<<<>>>>>>>>>>>>>>>


CONFIGURE QUEUE MONITORING
>>>>>>>>>>>>>>>>>>>>>>>>>>>>>>>>>>>>>>
ADC SETUP FOR DSCP:0
Selected MBAC algorithm: adcType = SKDE
	Policy Module:
		polType = ACCEPT
		Network & Source settings:
			capacity = 4000000.0 bps
			bufferSize = 60000.0 bit
			peakRate = 64000.0 bps
			pLoss = 0.000010
		Flow managment:
			checkPeriod = 10.00
			flowTimerout = 50.00
		Tracing: Enabled
	Estimator:
		estType = SKDEEST
		Use plug-in bandwidth = true
		Plug-in steps = 4
		Monitored thresholds (ep.x[]) =17340 27180 37020 46860 56700 
		Tracing = Enabled
	Meter: 	       
		Window length (mp.wlen) = 20.000000 	       
		Scaling factor (mp.tsm) = 5 	       
		Sample period (mp.tau) = 0.020000 	       
		Tracing: Disabled
>>>>>>>>>>>>>>>>>>>>>>>>>>>>>>>>>>>>>>



+++++++ MBAC BASED ON SIMPLE KERNEL DENSITY ESTIMATION +++++++

Configuration:
	 simTime: 4100
	 numSources: 0
	 appType: Voip
	 srcModel: EXPOO

NETWORK TOPOLOGY SETUP
DIFFSERV QUEUE CONFIGURATION
GENERATE RANDOM VARIABLES
GENERATE SOURCES
Simulation runs for 4100 s
Ready for take off!
<<<<<<<<<<>>>>>>>>>>>>>>>


CONFIGURE QUEUE MONITORING
>>>>>>>>>>>>>>>>>>>>>>>>>>>>>>>>>>>>>>
ADC SETUP FOR DSCP:0
Selected MBAC algorithm: adcType = SKDE
	Policy Module:
		polType = ACCEPT
		Network & Source settings:
			capacity = 4000000.0 bps
			bufferSize = 60000.0 bit
			peakRate = 64000.0 bps
			pLoss = 0.000010
		Flow managment:
			checkPeriod = 10.00
			flowTimerout = 50.00
		Tracing: Enabled
	Estimator:
		estType = SKDEEST
		Use plug-in bandwidth = true
		Plug-in steps = 4
		Monitored thresholds (ep.x[]) =17340 27180 37020 46860 56700 
		Tracing = Enabled
	Meter: 	       
		Window length (mp.wlen) = 20.000000 	       
		Scaling factor (mp.tsm) = 5 	       
		Sample period (mp.tau) = 0.020000 	       
		Tracing: Disabled
>>>>>>>>>>>>>>>>>>>>>>>>>>>>>>>>>>>>>>

